1756604421: mosquitto version 2.0.22 starting
1756604421: Config loaded from /mosquitto/config/mosquitto.conf.
1756604421: Opening ipv4 listen socket on port 1883.
1756604421: Opening ipv6 listen socket on port 1883.
1756604421: Opening websockets listen socket on port 9001.
1756604421: mosquitto version 2.0.22 running
1756604426: New connection from 172.19.0.1:59142 on port 1883.
1756604426: New client connected from 172.19.0.1:59142 as nodered63bde36eaf6af091 (p2, c1, k60).
1756604426: No will message specified.
1756604426: Sending CONNACK to nodered63bde36eaf6af091 (0, 0)
1756604426: Received SUBSCRIBE from nodered63bde36eaf6af091
1756604426: 	detection/heights (QoS 2)
1756604426: nodered63bde36eaf6af091 2 detection/heights
1756604426: Sending SUBACK to nodered63bde36eaf6af091
1756604486: Received PINGREQ from nodered63bde36eaf6af091
1756604486: Sending PINGRESP to nodered63bde36eaf6af091
1756604546: Received PINGREQ from nodered63bde36eaf6af091
1756604546: Sending PINGRESP to nodered63bde36eaf6af091
1756604606: Received PINGREQ from nodered63bde36eaf6af091
1756604606: Sending PINGRESP to nodered63bde36eaf6af091
1756604637: mosquitto version 2.0.22 terminating
1756604637: Saving in-memory database to /mosquitto/data//mosquitto.db.
1756606089: mosquitto version 2.0.22 starting
1756606089: Config loaded from /mosquitto/config/mosquitto.conf.
1756606089: Opening ipv4 listen socket on port 1883.
1756606089: Opening ipv6 listen socket on port 1883.
1756606089: Opening websockets listen socket on port 9001.
1756606089: mosquitto version 2.0.22 running
1756607394: New connection from 172.19.0.5:52745 on port 1883.
1756607394: New client connected from 172.19.0.5:52745 as auto-230C78C7-3919-3261-7CE1-E4CD2E5B5905 (p2, c1, k60).
1756607394: No will message specified.
1756607394: Sending CONNACK to auto-230C78C7-3919-3261-7CE1-E4CD2E5B5905 (0, 0)
1756607394: Received SUBSCRIBE from auto-230C78C7-3919-3261-7CE1-E4CD2E5B5905
1756607394: 	iot/cctv (QoS 0)
1756607394: auto-230C78C7-3919-3261-7CE1-E4CD2E5B5905 0 iot/cctv
1756607394: Sending SUBACK to auto-230C78C7-3919-3261-7CE1-E4CD2E5B5905
1756607436: mosquitto version 2.0.22 terminating
1756607436: Saving in-memory database to /mosquitto/data//mosquitto.db.
1756608769: mosquitto version 2.0.22 starting
1756608769: Config loaded from /mosquitto/config/mosquitto.conf.
1756608769: Opening ipv4 listen socket on port 1883.
1756608769: Opening ipv6 listen socket on port 1883.
1756608769: Opening websockets listen socket on port 9001.
1756608769: mosquitto version 2.0.22 running
1756608783: New connection from 172.17.0.5:36411 on port 1883.
1756608783: New client connected from 172.17.0.5:36411 as auto-0084AEF8-2A9D-A868-0DE6-DDF366E0AB45 (p2, c1, k60).
1756608783: No will message specified.
1756608783: Sending CONNACK to auto-0084AEF8-2A9D-A868-0DE6-DDF366E0AB45 (0, 0)
1756608783: Received SUBSCRIBE from auto-0084AEF8-2A9D-A868-0DE6-DDF366E0AB45
1756608783: 	iot/cctv (QoS 0)
1756608783: auto-0084AEF8-2A9D-A868-0DE6-DDF366E0AB45 0 iot/cctv
1756608783: Sending SUBACK to auto-0084AEF8-2A9D-A868-0DE6-DDF366E0AB45
1756608815: Client auto-0084AEF8-2A9D-A868-0DE6-DDF366E0AB45 closed its connection.
1756608818: mosquitto version 2.0.22 terminating
1756608818: Saving in-memory database to /mosquitto/data//mosquitto.db.
